[debug] [2021-05-19T18:53:42.178Z] ----------------------------------------------------------------------
[debug] [2021-05-19T18:53:42.180Z] Command:       C:\Program Files\nodejs\node.exe C:\Users\Rahul R\AppData\Roaming\npm\node_modules\firebase-tools\lib\bin\firebase.js serve --project covidapp
[debug] [2021-05-19T18:53:42.180Z] CLI Version:   9.11.0
[debug] [2021-05-19T18:53:42.180Z] Platform:      win32
[debug] [2021-05-19T18:53:42.180Z] Node Version:  v10.16.0
[debug] [2021-05-19T18:53:42.181Z] Time:          Thu May 20 2021 00:23:42 GMT+0530 (India Standard Time)
[debug] [2021-05-19T18:53:42.181Z] ----------------------------------------------------------------------
[debug] 
[debug] [2021-05-19T18:53:42.190Z] > command requires scopes: ["email","openid","https://www.googleapis.com/auth/cloudplatformprojects.readonly","https://www.googleapis.com/auth/firebase","https://www.googleapis.com/auth/cloud-platform"]
[debug] [2021-05-19T18:53:42.190Z] > authorizing via signed-in user (r.rahul2810@gmail.com)
[debug] [2021-05-19T18:53:42.190Z] [iam] checking project covidapp for permissions ["firebase.projects.get"]
[debug] [2021-05-19T18:53:42.192Z] > refreshing access token with scopes: ["email","https://www.googleapis.com/auth/cloud-platform","https://www.googleapis.com/auth/cloudplatformprojects.readonly","https://www.googleapis.com/auth/firebase","openid"]
[debug] [2021-05-19T18:53:42.192Z] >>> HTTP REQUEST POST https://www.googleapis.com/oauth2/v3/token  
 <request body omitted>
[debug] [2021-05-19T18:53:42.371Z] <<< HTTP RESPONSE 200 {"expires":"Mon, 01 Jan 1990 00:00:00 GMT","pragma":"no-cache","cache-control":"no-cache, no-store, max-age=0, must-revalidate","date":"Wed, 19 May 2021 18:53:42 GMT","content-type":"application/json; charset=utf-8","vary":"X-Origin, Referer, Origin,Accept-Encoding","server":"scaffolding on HTTPServer2","x-xss-protection":"0","x-frame-options":"SAMEORIGIN","x-content-type-options":"nosniff","alt-svc":"h3-29=\":443\"; ma=2592000,h3-T051=\":443\"; ma=2592000,h3-Q050=\":443\"; ma=2592000,h3-Q046=\":443\"; ma=2592000,h3-Q043=\":443\"; ma=2592000,quic=\":443\"; ma=2592000; v=\"46,43\"","accept-ranges":"none","transfer-encoding":"chunked"}
[debug] [2021-05-19T18:53:42.432Z] >>> HTTP REQUEST POST https://cloudresourcemanager.googleapis.com/v1/projects/covidapp:testIamPermissions  
 {"permissions":["firebase.projects.get"]}
[debug] [2021-05-19T18:53:43.858Z] <<< HTTP RESPONSE 200 {"content-type":"application/json; charset=UTF-8","vary":"X-Origin, Referer, Origin,Accept-Encoding","date":"Wed, 19 May 2021 18:53:43 GMT","server":"ESF","cache-control":"private","x-xss-protection":"0","x-frame-options":"SAMEORIGIN","x-content-type-options":"nosniff","server-timing":"gfet4t7; dur=1332","alt-svc":"h3-29=\":443\"; ma=2592000,h3-T051=\":443\"; ma=2592000,h3-Q050=\":443\"; ma=2592000,h3-Q046=\":443\"; ma=2592000,h3-Q043=\":443\"; ma=2592000,quic=\":443\"; ma=2592000; v=\"46,43\"","accept-ranges":"none","transfer-encoding":"chunked"}
[debug] [2021-05-19T18:53:43.859Z] [iam] error while checking permissions, command may fail: FirebaseError: Authorization failed. This account is missing the following required permissions on project covidapp:

  firebase.projects.get
[debug] [2021-05-19T18:53:43.860Z] > refreshing access token with scopes: []
[debug] [2021-05-19T18:53:43.860Z] >>> HTTP REQUEST POST https://www.googleapis.com/oauth2/v3/token  
 <request body omitted>
[debug] [2021-05-19T18:53:43.989Z] <<< HTTP RESPONSE 200 {"pragma":"no-cache","date":"Wed, 19 May 2021 18:53:43 GMT","expires":"Mon, 01 Jan 1990 00:00:00 GMT","cache-control":"no-cache, no-store, max-age=0, must-revalidate","content-type":"application/json; charset=utf-8","vary":"X-Origin, Referer, Origin,Accept-Encoding","server":"scaffolding on HTTPServer2","x-xss-protection":"0","x-frame-options":"SAMEORIGIN","x-content-type-options":"nosniff","alt-svc":"h3-29=\":443\"; ma=2592000,h3-T051=\":443\"; ma=2592000,h3-Q050=\":443\"; ma=2592000,h3-Q046=\":443\"; ma=2592000,h3-Q043=\":443\"; ma=2592000,quic=\":443\"; ma=2592000; v=\"46,43\"","accept-ranges":"none","transfer-encoding":"chunked"}
[debug] [2021-05-19T18:53:44.038Z] >>> [apiv2][query] GET https://firebase.googleapis.com/v1beta1/projects/covidapp [none]
[debug] [2021-05-19T18:53:44.599Z] <<< [apiv2][status] GET https://firebase.googleapis.com/v1beta1/projects/covidapp 403
[debug] [2021-05-19T18:53:44.599Z] <<< [apiv2][body] GET https://firebase.googleapis.com/v1beta1/projects/covidapp {"error":{"code":403,"message":"The caller does not have permission","status":"PERMISSION_DENIED"}}
[debug] [2021-05-19T18:53:44.600Z] HTTP Error: 403, The caller does not have permission
[debug] [2021-05-19T18:53:44.727Z] FirebaseError: HTTP Error: 403, The caller does not have permission
    at module.exports (C:\Users\Rahul R\AppData\Roaming\npm\node_modules\firebase-tools\lib\responseToError.js:38:12)
    at Client.doRequest (C:\Users\Rahul R\AppData\Roaming\npm\node_modules\firebase-tools\lib\apiv2.js:238:23)
    at process._tickCallback (internal/process/next_tick.js:68:7)
[error] 
[error] Error: Failed to get Firebase project covidapp. Please make sure the project exists and your account has permission to access it.
